<?xml version="1.0"?><coverage lines-covered="173" lines-valid="205" line-rate="0.8439024390243902" branches-covered="0" branches-valid="0" branch-rate="0" complexity="0" version="1.9" timestamp="1775134345"><sources><source>/Users/kooshapari/CodeProjects/Phenotype/repos/Metron</source></sources><packages><package name="src" line-rate="0.8439024390243902" branch-rate="0" complexity="0"><classes></classes></package><package name="tests" line-rate="0" branch-rate="0" complexity="0"><classes></classes></package><package name="src/adapters" line-rate="0" branch-rate="0" complexity="0"><classes><class name="prometheus" filename="src/adapters/prometheus.rs" line-rate="0" branch-rate="0" complexity="0"><methods/><lines><line number="12" hits="0"/><line number="16" hits="0"/><line number="18" hits="0"/><line number="19" hits="0"/><line number="20" hits="0"/><line number="21" hits="0"/><line number="22" hits="0"/><line number="23" hits="0"/><line number="24" hits="0"/><line number="25" hits="0"/><line number="26" hits="0"/><line number="27" hits="0"/><line number="28" hits="0"/><line number="29" hits="0"/><line number="30" hits="0"/><line number="31" hits="0"/><line number="38" hits="0"/><line number="39" hits="0"/><line number="41" hits="0"/></lines></class></classes></package><package name="src/application" line-rate="0.8064516129032258" branch-rate="0" complexity="0"><classes><class name="exporter" filename="src/application/exporter.rs" line-rate="0.8064516129032258" branch-rate="0" complexity="0"><methods/><lines><line number="14" hits="9"/><line number="15" hits="9"/><line number="20" hits="0"/><line number="21" hits="0"/><line number="26" hits="9"/><line number="27" hits="18"/><line number="30" hits="34"/><line number="31" hits="24"/><line number="32" hits="8"/><line number="33" hits="0"/><line number="35" hits="8"/><line number="36" hits="0"/><line number="38" hits="32"/><line number="42" hits="26"/><line number="43" hits="12"/><line number="44" hits="4"/><line number="45" hits="0"/><line number="47" hits="16"/><line number="51" hits="24"/><line number="52" hits="9"/><line number="53" hits="9"/><line number="54" hits="3"/><line number="55" hits="0"/><line number="57" hits="9"/><line number="58" hits="9"/><line number="59" hits="46"/><line number="60" hits="60"/><line number="61" hits="17"/><line number="63" hits="3"/><line number="65" hits="60"/><line number="69" hits="9"/></lines></class></classes></package><package name="src/domain" line-rate="0.9548387096774194" branch-rate="0" complexity="0"><classes><class name="counter" filename="src/domain/counter.rs" line-rate="0.9583333333333334" branch-rate="0" complexity="0"><methods/><lines><line number="16" hits="0"/><line number="20" hits="1106"/><line number="21" hits="1106"/><line number="24" hits="2"/><line number="25" hits="2"/><line number="28" hits="14"/><line number="29" hits="14"/><line number="41" hits="1025"/><line number="43" hits="4100"/><line number="44" hits="2050"/><line number="48" hits="1"/><line number="49" hits="4"/><line number="50" hits="1"/><line number="53" hits="1"/><line number="54" hits="4"/><line number="55" hits="1"/><line number="58" hits="1106"/><line number="59" hits="1106"/><line number="62" hits="2"/><line number="63" hits="4"/><line number="66" hits="14"/><line number="67" hits="14"/><line number="70" hits="8"/><line number="71" hits="8"/></lines></class><class name="gauge" filename="src/domain/gauge.rs" line-rate="0.88" branch-rate="0" complexity="0"><methods/><lines><line number="16" hits="15"/><line number="20" hits="507"/><line number="21" hits="507"/><line number="24" hits="2"/><line number="25" hits="2"/><line number="28" hits="2"/><line number="29" hits="2"/><line number="32" hits="13"/><line number="33" hits="13"/><line number="45" hits="15"/><line number="47" hits="60"/><line number="48" hits="30"/><line number="52" hits="0"/><line number="53" hits="0"/><line number="54" hits="0"/><line number="57" hits="507"/><line number="58" hits="1014"/><line number="61" hits="2"/><line number="62" hits="2"/><line number="65" hits="2"/><line number="66" hits="2"/><line number="69" hits="13"/><line number="70" hits="13"/><line number="73" hits="4"/><line number="74" hits="4"/></lines></class><class name="histogram" filename="src/domain/histogram.rs" line-rate="0.9" branch-rate="0" complexity="0"><methods/><lines><line number="17" hits="16"/><line number="18" hits="48"/><line number="19" hits="32"/><line number="22" hits="11021"/><line number="23" hits="126850"/><line number="24" hits="52404"/><line number="25" hits="5119"/><line number="26" hits="5119"/><line number="29" hits="5902"/><line number="42" hits="16"/><line number="43" hits="16"/><line number="46" hits="11021"/><line number="47" hits="11021"/><line number="48" hits="11021"/><line number="49" hits="33063"/><line number="62" hits="6"/><line number="64" hits="6"/><line number="65" hits="6"/><line number="70" hits="16"/><line number="72" hits="64"/><line number="73" hits="48"/><line number="77" hits="0"/><line number="78" hits="0"/><line number="79" hits="0"/><line number="82" hits="11021"/><line number="83" hits="22042"/><line number="86" hits="10"/><line number="87" hits="10"/><line number="90" hits="3"/><line number="91" hits="3"/></lines></class><class name="metric" filename="src/domain/metric.rs" line-rate="1" branch-rate="0" complexity="0"><methods/><lines><line number="25" hits="3"/><line number="26" hits="9"/><line number="27" hits="9"/><line number="32" hits="1"/><line number="33" hits="2"/><line number="38" hits="1586"/><line number="39" hits="6344"/><line number="42" hits="262"/><line number="43" hits="524"/><line number="44" hits="262"/><line number="47" hits="5"/><line number="48" hits="10"/><line number="49" hits="5"/></lines></class><class name="registry" filename="src/domain/registry.rs" line-rate="1" branch-rate="0" complexity="0"><methods/><lines><line number="16" hits="1"/><line number="17" hits="1"/><line number="22" hits="36"/><line number="24" hits="108"/><line number="25" hits="108"/><line number="26" hits="36"/><line number="31" hits="1010"/><line number="32" hits="3030"/><line number="33" hits="3030"/><line number="34" hits="2020"/><line number="35" hits="2"/><line number="37" hits="5040"/><line number="38" hits="1008"/><line number="42" hits="16"/><line number="43" hits="48"/><line number="44" hits="34"/><line number="45" hits="4"/><line number="47" hits="42"/><line number="48" hits="70"/><line number="49" hits="14"/><line number="53" hits="7"/><line number="54" hits="21"/><line number="55" hits="21"/><line number="56" hits="14"/><line number="57" hits="1"/><line number="59" hits="30"/><line number="60" hits="6"/><line number="64" hits="9"/><line number="65" hits="27"/><line number="66" hits="19"/><line number="67" hits="2"/><line number="69" hits="24"/><line number="70" hits="40"/><line number="71" hits="8"/><line number="75" hits="9"/><line number="80" hits="36"/><line number="81" hits="27"/><line number="82" hits="18"/><line number="83" hits="1"/><line number="85" hits="40"/><line number="86" hits="8"/><line number="90" hits="6"/><line number="91" hits="18"/><line number="92" hits="13"/><line number="93" hits="2"/><line number="95" hits="15"/><line number="96" hits="25"/><line number="97" hits="5"/><line number="101" hits="2"/><line number="102" hits="2"/><line number="103" hits="2"/><line number="104" hits="2"/><line number="108" hits="12"/><line number="109" hits="4072"/><line number="113" hits="11"/><line number="114" hits="53"/><line number="118" hits="11"/><line number="119" hits="11"/><line number="122" hits="27"/><line number="127" hits="6"/><line number="128" hits="18"/><line number="132" hits="2"/><line number="133" hits="2"/></lines></class></classes></package></packages></coverage>