<?xml version="1.0"?><coverage lines-covered="18" lines-valid="40" line-rate="0.45" branches-covered="0" branches-valid="0" branch-rate="0" complexity="0" version="1.9" timestamp="1775126413"><sources><source>/Users/kooshapari/CodeProjects/Phenotype/repos/Logify</source></sources><packages><package name="src/adapters" line-rate="0" branch-rate="0" complexity="0"><classes></classes></package><package name="src/domain" line-rate="0.8181818181818182" branch-rate="0" complexity="0"><classes><class name="log_entry" filename="src/domain/log_entry.rs" line-rate="1" branch-rate="0" complexity="0"><methods/><lines><line number="19" hits="10586"/><line number="21" hits="21172"/><line number="23" hits="31758"/><line number="24" hits="10586"/><line number="25" hits="10586"/><line number="29" hits="1277"/><line number="30" hits="5108"/><line number="31" hits="1277"/></lines></class><class name="log_level" filename="src/domain/log_level.rs" line-rate="1" branch-rate="0" complexity="0"><methods/><lines><line number="21" hits="276"/><line number="22" hits="276"/><line number="23" hits="46"/><line number="24" hits="50"/><line number="25" hits="47"/><line number="26" hits="46"/><line number="27" hits="48"/><line number="28" hits="39"/><line number="34" hits="8"/><line number="35" hits="32"/></lines></class><class name="logger" filename="src/domain/logger.rs" line-rate="0" branch-rate="0" complexity="0"><methods/><lines><line number="19" hits="0"/><line number="20" hits="0"/><line number="21" hits="0"/><line number="22" hits="0"/></lines></class></classes></package><package name="src/application" line-rate="0" branch-rate="0" complexity="0"><classes><class name="logger_builder" filename="src/application/logger_builder.rs" line-rate="0" branch-rate="0" complexity="0"><methods/><lines><line number="12" hits="0"/><line number="14" hits="0"/><line number="19" hits="0"/><line number="20" hits="0"/><line number="21" hits="0"/><line number="24" hits="0"/><line number="26" hits="0"/><line number="27" hits="0"/><line number="39" hits="0"/><line number="46" hits="0"/><line number="47" hits="0"/></lines></class></classes></package><package name="src" line-rate="0.45" branch-rate="0" complexity="0"><classes></classes></package><package name="tests" line-rate="0" branch-rate="0" complexity="0"><classes></classes></package><package name="src/adapters/sinks" line-rate="0" branch-rate="0" complexity="0"><classes><class name="mod" filename="src/adapters/sinks/mod.rs" line-rate="0" branch-rate="0" complexity="0"><methods/><lines><line number="16" hits="0"/><line number="17" hits="0"/><line number="22" hits="0"/><line number="23" hits="0"/><line number="29" hits="0"/><line number="38" hits="0"/></lines></class></classes></package><package name="src/infrastructure" line-rate="0" branch-rate="0" complexity="0"><classes><class name="mod" filename="src/infrastructure/mod.rs" line-rate="0" branch-rate="0" complexity="0"><methods/><lines><line number="7" hits="0"/></lines></class></classes></package></packages></coverage>